Performing C SOURCE FILE Test CMAKE_HAVE_LIBC_PTHREAD failed with the following output:
Change Dir: /home/satoshi/playspace/devInfoshare/InfoShare/build/CMakeFiles/CMakeTmp

Run Build Command(s):/usr/bin/make -f Makefile cmTC_cf0a6/fast && /usr/bin/make  -f CMakeFiles/cmTC_cf0a6.dir/build.make CMakeFiles/cmTC_cf0a6.dir/build
make[1]: ディレクトリ '/home/satoshi/playspace/devInfoshare/InfoShare/build/CMakeFiles/CMakeTmp' に入ります
Building C object CMakeFiles/cmTC_cf0a6.dir/src.c.o
/usr/bin/cc -DCMAKE_HAVE_LIBC_PTHREAD   -o CMakeFiles/cmTC_cf0a6.dir/src.c.o -c /home/satoshi/playspace/devInfoshare/InfoShare/build/CMakeFiles/CMakeTmp/src.c
Linking C executable cmTC_cf0a6
/opt/cmake-3.20.2-linux-x86_64/bin/cmake -E cmake_link_script CMakeFiles/cmTC_cf0a6.dir/link.txt --verbose=1
/usr/bin/cc CMakeFiles/cmTC_cf0a6.dir/src.c.o -o cmTC_cf0a6 
CMakeFiles/cmTC_cf0a6.dir/src.c.o: 関数 `main' 内:
src.c:(.text+0x3e): `pthread_create' に対する定義されていない参照です
src.c:(.text+0x4a): `pthread_detach' に対する定義されていない参照です
src.c:(.text+0x56): `pthread_cancel' に対する定義されていない参照です
src.c:(.text+0x67): `pthread_join' に対する定義されていない参照です
src.c:(.text+0x7b): `pthread_atfork' に対する定義されていない参照です
collect2: error: ld returned 1 exit status
CMakeFiles/cmTC_cf0a6.dir/build.make:98: recipe for target 'cmTC_cf0a6' failed
make[1]: *** [cmTC_cf0a6] Error 1
make[1]: ディレクトリ '/home/satoshi/playspace/devInfoshare/InfoShare/build/CMakeFiles/CMakeTmp' から出ます
Makefile:127: recipe for target 'cmTC_cf0a6/fast' failed
make: *** [cmTC_cf0a6/fast] Error 2


Source file was:
#include <pthread.h>

static void* test_func(void* data)
{
  return data;
}

int main(void)
{
  pthread_t thread;
  pthread_create(&thread, NULL, test_func, NULL);
  pthread_detach(thread);
  pthread_cancel(thread);
  pthread_join(thread, NULL);
  pthread_atfork(NULL, NULL, NULL);
  pthread_exit(NULL);

  return 0;
}

Determining if the function pthread_create exists in the pthreads failed with the following output:
Change Dir: /home/satoshi/playspace/devInfoshare/InfoShare/build/CMakeFiles/CMakeTmp

Run Build Command(s):/usr/bin/make -f Makefile cmTC_877fa/fast && /usr/bin/make  -f CMakeFiles/cmTC_877fa.dir/build.make CMakeFiles/cmTC_877fa.dir/build
make[1]: ディレクトリ '/home/satoshi/playspace/devInfoshare/InfoShare/build/CMakeFiles/CMakeTmp' に入ります
Building C object CMakeFiles/cmTC_877fa.dir/CheckFunctionExists.c.o
/usr/bin/cc   -DCHECK_FUNCTION_EXISTS=pthread_create -o CMakeFiles/cmTC_877fa.dir/CheckFunctionExists.c.o -c /opt/cmake-3.20.2-linux-x86_64/share/cmake-3.20/Modules/CheckFunctionExists.c
Linking C executable cmTC_877fa
/opt/cmake-3.20.2-linux-x86_64/bin/cmake -E cmake_link_script CMakeFiles/cmTC_877fa.dir/link.txt --verbose=1
/usr/bin/cc  -DCHECK_FUNCTION_EXISTS=pthread_create CMakeFiles/cmTC_877fa.dir/CheckFunctionExists.c.o -o cmTC_877fa  -lpthreads 
/usr/bin/ld: -lpthreads が見つかりません
collect2: error: ld returned 1 exit status
CMakeFiles/cmTC_877fa.dir/build.make:98: recipe for target 'cmTC_877fa' failed
make[1]: *** [cmTC_877fa] Error 1
make[1]: ディレクトリ '/home/satoshi/playspace/devInfoshare/InfoShare/build/CMakeFiles/CMakeTmp' から出ます
Makefile:127: recipe for target 'cmTC_877fa/fast' failed
make: *** [cmTC_877fa/fast] Error 2



